TCPServer Waiting for client on port: 19999
Welcome to RAVEN: raven02
Welcome to RAVEN: raven03
Welcome to RAVEN: raven08
Welcome to RAVEN: raven01
Welcome to RAVEN: raven04
Welcome to RAVEN: raven05
Welcome to RAVEN: raven07
Welcome to RAVEN: raven06
I got a connection from 10.20.12.172
I got a connection from 10.20.12.173
I got a connection from 10.20.12.174
I got a connection from 10.20.12.178
I got a connection from 10.20.12.175
I got a connection from 10.20.12.171
I got a connection from 10.20.12.176
I got a connection from 10.20.12.177
-------------------------------------------------------------------------------------------------------------------------------------------------
|        Queries|           Hits|           Miss|   ShiftedQuery|SentShiftedQuer|  TotalExecTime|    MaxExecTime|    AveExecTime|    AveWaitTime|
-------------------------------------------------------------------------------------------------------------------------------------------------
|          10000|             41|           9959|              0|              0|    1.93845E-01|    2.71650E-02|    2.42300E-02|    4.92200E-03|
|          20000|            120|          19880|              0|              0|    3.30889E-01|    4.72920E-02|    4.13610E-02|    7.04600E-03|
|          30000|            194|          29806|              0|              0|    9.46337E+00|    4.64808E+00|    1.18292E+00|    9.49700E-03|
|          40000|            276|          39724|              0|              0|    1.92626E+01|    8.99601E+00|    2.40782E+00|    1.18530E-02|
|          50000|            361|          49639|              0|              0|    2.92840E+01|    1.39729E+01|    3.66050E+00|    1.43030E-02|
|          60000|            437|          59563|              0|              0|    3.85474E+01|    1.86111E+01|    4.81842E+00|    1.67650E-02|
|          70000|            493|          69507|              0|              0|    4.78844E+01|    2.33228E+01|    5.98555E+00|    1.86940E-02|
|          80000|            560|          79440|              0|              0|    5.73134E+01|    2.84162E+01|    7.16418E+00|    3.07510E-02|
|          90000|            634|          89366|              0|              0|    6.67508E+01|    3.35162E+01|    8.34384E+00|    3.30100E-02|
|         100000|            699|          99301|              0|              0|    7.63666E+01|    3.88036E+01|    9.54582E+00|    3.55870E-02|
|         110000|            770|         109230|              0|              0|    1.02263E+02|    4.38262E+01|    1.27828E+01|    3.93090E-02|
|         120000|            849|         119151|              0|              0|    1.27641E+02|    4.86016E+01|    1.59551E+01|    4.31230E-02|
|         130000|            911|         129089|              0|              0|    1.52558E+02|    5.39589E+01|    1.90698E+01|    4.72660E-02|
|         140000|            977|         139023|              0|              0|    1.77412E+02|    5.88685E+01|    2.21766E+01|    5.12070E-02|
|         150000|           1047|         148953|              0|              0|    2.02733E+02|    6.40068E+01|    2.53416E+01|    5.52320E-02|
|         160000|           1116|         158884|              0|              0|    2.26476E+02|    7.05634E+01|    2.83095E+01|    5.85300E-02|
|         170000|           1185|         168815|              0|              0|    2.50320E+02|    7.73888E+01|    3.12900E+01|    6.30170E-02|
|         180000|           1271|         178729|              0|              0|    2.73367E+02|    8.41699E+01|    3.41709E+01|    6.64390E-02|
|         190000|           1354|         188646|              0|              0|    2.96757E+02|    9.07878E+01|    3.70946E+01|    6.96540E-02|
|         200000|           1436|         198564|              0|              0|    3.19520E+02|    9.72991E+01|    3.99400E+01|    7.34670E-02|
-------------------------------------------------------------------------------------------------------------------------------------------------
SchedulerTime:	         1.352149E+02 S
