TCPServer Waiting for client on port: 19999
Welcome to RAVEN: raven05
Welcome to RAVEN: raven06
Welcome to RAVEN: raven02
Welcome to RAVEN: raven01
Welcome to RAVEN: raven04
Welcome to RAVEN: raven08
Welcome to RAVEN: raven03
Welcome to RAVEN: raven07
I got a connection from 10.20.12.175
I got a connection from 10.20.12.176
I got a connection from 10.20.12.172
I got a connection from 10.20.12.171
I got a connection from 10.20.12.174
I got a connection from 10.20.12.178
I got a connection from 10.20.12.173
I got a connection from 10.20.12.177
-------------------------------------------------------------------------------------------------------------------------------------------------
|        Queries|           Hits|           Miss|   ShiftedQuery|SentShiftedQuer|  TotalExecTime|    MaxExecTime|    AveExecTime|    AveWaitTime|
-------------------------------------------------------------------------------------------------------------------------------------------------
|          10000|             35|           9965|            770|           1706|    2.06196E-01|    2.75810E-02|    2.57740E-02|    1.45310E-02|
|          20000|            108|          19892|           1232|           3259|    3.73748E-01|    5.03590E-02|    4.67180E-02|    2.65720E-02|
|          30000|            175|          29825|           1255|           4305|    8.19466E+00|    7.73430E+00|    1.02433E+00|    3.72760E-02|
|          40000|            229|          39771|           1355|           5524|    1.57746E+01|    1.51802E+01|    1.97183E+00|    4.89480E-02|
|          50000|            293|          49707|           1510|           6542|    2.33230E+01|    2.25930E+01|    2.91537E+00|    5.98390E-02|
|          60000|            353|          59647|           1576|           7323|    3.09705E+01|    3.01068E+01|    3.87131E+00|    6.84110E-02|
|          70000|            404|          69596|           1671|           8392|    3.86162E+01|    3.76173E+01|    4.82703E+00|    7.92720E-02|
|          80000|            470|          79530|           1756|           8423|    4.64357E+01|    4.53031E+01|    5.80446E+00|    8.13690E-02|
|          90000|            536|          89464|           1818|           9495|    5.40638E+01|    5.27945E+01|    6.75797E+00|    9.22950E-02|
|         100000|            597|          99403|           1856|          10624|    6.18350E+01|    6.04348E+01|    7.72938E+00|    1.03552E-01|
|         110000|            660|         109340|           1941|          11678|    8.80278E+01|    6.81871E+01|    1.10035E+01|    1.68504E-01|
|         120000|            732|         119268|           2028|          12739|    1.14386E+02|    7.56567E+01|    1.42983E+01|    2.56920E-01|
|         130000|            795|         129205|           2091|          13818|    1.39917E+02|    8.35614E+01|    1.74896E+01|    3.21988E-01|
|         140000|            850|         139150|           2166|          13833|    1.64964E+02|    9.07508E+01|    2.06205E+01|    3.48049E-01|
|         150000|            912|         149088|           2192|          14862|    1.90843E+02|    9.81896E+01|    2.38554E+01|    3.94752E-01|
|         160000|            970|         159030|           2250|          16260|    2.15790E+02|    1.05829E+02|    2.69738E+01|    4.53961E-01|
|         170000|           1027|         168973|           2372|          17319|    2.40299E+02|    1.13296E+02|    3.00374E+01|    4.91559E-01|
|         180000|           1107|         178893|           2501|          18338|    2.64814E+02|    1.20773E+02|    3.31018E+01|    5.45355E-01|
|         190000|           1181|         188819|           2667|          18370|    2.88948E+02|    1.27110E+02|    3.61185E+01|    5.61926E-01|
|         200000|           1256|         198744|           2703|          18420|    3.12221E+02|    1.33577E+02|    3.90277E+01|    6.04450E-01|
-------------------------------------------------------------------------------------------------------------------------------------------------
SchedulerTime:	         1.389002E+02 S
